# JRE version: OpenJDK Runtime Environment (11.0.13) (build 11.0.13+0-b1751.21-8125866)
# Java VM: OpenJDK 64-Bit Server VM (11.0.13+0-b1751.21-8125866, mixed mode, tiered, compressed oops, g1 gc, windows-amd64)
Heap:
 garbage-first heap   total 312320K, used 211643K [0x0000000080000000, 0x0000000100000000)
  region size 1024K, 2 young (2048K), 2 survivors (2048K)
 Metaspace       used 134456K, capacity 138448K, committed 138688K, reserved 1169408K
  class space    used 16904K, capacity 18399K, committed 18508K, reserved 1048576K
GC Heap History (20 events):
Event: 1693.450 GC heap after
{Heap after GC invocations=61 (full 0):
 garbage-first heap   total 260096K, used 209871K [0x0000000080000000, 0x0000000100000000)
  region size 1024K, 1 young (1024K), 1 survivors (1024K)
 Metaspace       used 134304K, capacity 138295K, committed 138432K, reserved 1169408K
  class space    used 16903K, capacity 18397K, committed 18508K, reserved 1048576K
}
Event: 1693.506 GC heap before
{Heap before GC invocations=61 (full 0):
 garbage-first heap   total 260096K, used 227279K [0x0000000080000000, 0x0000000100000000)
  region size 1024K, 18 young (18432K), 1 survivors (1024K)
 Metaspace       used 134323K, capacity 138297K, committed 138432K, reserved 1169408K
  class space    used 16903K, capacity 18397K, committed 18508K, reserved 1048576K
}
Event: 1693.508 GC heap after
{Heap after GC invocations=62 (full 0):
 garbage-first heap   total 260096K, used 209724K [0x0000000080000000, 0x0000000100000000)
  region size 1024K, 1 young (1024K), 1 survivors (1024K)
 Metaspace       used 134323K, capacity 138297K, committed 138432K, reserved 1169408K
  class space    used 16903K, capacity 18397K, committed 18508K, reserved 1048576K
}
Event: 1693.537 GC heap before
{Heap before GC invocations=62 (full 0):
 garbage-first heap   total 260096K, used 226108K [0x0000000080000000, 0x0000000100000000)
  region size 1024K, 18 young (18432K), 1 survivors (1024K)
 Metaspace       used 134334K, capacity 138300K, committed 138432K, reserved 1169408K
  class space    used 16903K, capacity 18397K, committed 18508K, reserved 1048576K
}
Event: 1693.540 GC heap after
{Heap after GC invocations=63 (full 0):
 garbage-first heap   total 260096K, used 210955K [0x0000000080000000, 0x0000000100000000)
  region size 1024K, 2 young (2048K), 2 survivors (2048K)
 Metaspace       used 134334K, capacity 138300K, committed 138432K, reserved 1169408K
  class space    used 16903K, capacity 18397K, committed 18508K, reserved 1048576K
}
Event: 1693.665 GC heap before
{Heap before GC invocations=63 (full 0):
 garbage-first heap   total 260096K, used 228363K [0x0000000080000000, 0x0000000100000000)
  region size 1024K, 19 young (19456K), 2 survivors (2048K)
 Metaspace       used 134373K, capacity 138368K, committed 138688K, reserved 1169408K
  class space    used 16903K, capacity 18397K, committed 18508K, reserved 1048576K
}
Event: 1693.668 GC heap after
{Heap after GC invocations=64 (full 0):
 garbage-first heap   total 260096K, used 210481K [0x0000000080000000, 0x0000000100000000)
  region size 1024K, 1 young (1024K), 1 survivors (1024K)
 Metaspace       used 134373K, capacity 138368K, committed 138688K, reserved 1169408K
  class space    used 16903K, capacity 18397K, committed 18508K, reserved 1048576K
}
Event: 1693.750 GC heap before
{Heap before GC invocations=64 (full 0):
 garbage-first heap   total 260096K, used 226865K [0x0000000080000000, 0x0000000100000000)
  region size 1024K, 18 young (18432K), 1 survivors (1024K)
 Metaspace       used 134398K, capacity 138371K, committed 138688K, reserved 1169408K
  class space    used 16903K, capacity 18397K, committed 18508K, reserved 1048576K
}
Event: 1693.753 GC heap after
{Heap after GC invocations=65 (full 0):
 garbage-first heap   total 260096K, used 211396K [0x0000000080000000, 0x0000000100000000)
  region size 1024K, 2 young (2048K), 2 survivors (2048K)
 Metaspace       used 134398K, capacity 138371K, committed 138688K, reserved 1169408K
  class space    used 16903K, capacity 18397K, committed 18508K, reserved 1048576K
}
Event: 1693.807 GC heap before
{Heap before GC invocations=65 (full 0):
 garbage-first heap   total 260096K, used 227780K [0x0000000080000000, 0x0000000100000000)
  region size 1024K, 18 young (18432K), 2 survivors (2048K)
 Metaspace       used 134406K, capacity 138371K, committed 138688K, reserved 1169408K
  class space    used 16903K, capacity 18397K, committed 18508K, reserved 1048576K
}
Event: 1693.809 GC heap after
{Heap after GC invocations=66 (full 0):
 garbage-first heap   total 260096K, used 211533K [0x0000000080000000, 0x0000000100000000)
  region size 1024K, 2 young (2048K), 2 survivors (2048K)
 Metaspace       used 134406K, capacity 138371K, committed 138688K, reserved 1169408K
  class space    used 16903K, capacity 18397K, committed 18508K, reserved 1048576K
}
Event: 1693.929 GC heap before
{Heap before GC invocations=66 (full 0):
 garbage-first heap   total 260096K, used 227917K [0x0000000080000000, 0x0000000100000000)
  region size 1024K, 18 young (18432K), 2 survivors (2048K)
 Metaspace       used 134434K, capacity 138377K, committed 138688K, reserved 1169408K
  class space    used 16903K, capacity 18397K, committed 18508K, reserved 1048576K
}
Event: 1693.930 GC heap after
{Heap after GC invocations=67 (full 0):
 garbage-first heap   total 260096K, used 212285K [0x0000000080000000, 0x0000000100000000)
  region size 1024K, 2 young (2048K), 2 survivors (2048K)
 Metaspace       used 134434K, capacity 138377K, committed 138688K, reserved 1169408K
  class space    used 16903K, capacity 18397K, committed 18508K, reserved 1048576K
}
Event: 1693.989 GC heap before
{Heap before GC invocations=67 (full 0):
 garbage-first heap   total 260096K, used 227645K [0x0000000080000000, 0x0000000100000000)
  region size 1024K, 17 young (17408K), 2 survivors (2048K)
 Metaspace       used 134441K, capacity 138382K, committed 138688K, reserved 1169408K
  class space    used 16904K, capacity 18399K, committed 18508K, reserved 1048576K
}
Event: 1693.991 GC heap after
{Heap after GC invocations=68 (full 0):
 garbage-first heap   total 260096K, used 212216K [0x0000000080000000, 0x0000000100000000)
  region size 1024K, 2 young (2048K), 2 survivors (2048K)
 Metaspace       used 134441K, capacity 138382K, committed 138688K, reserved 1169408K
  class space    used 16904K, capacity 18399K, committed 18508K, reserved 1048576K
}
Event: 1694.045 GC heap before
{Heap before GC invocations=68 (full 0):
 garbage-first heap   total 260096K, used 229624K [0x0000000080000000, 0x0000000100000000)
  region size 1024K, 19 young (19456K), 2 survivors (2048K)
 Metaspace       used 134445K, capacity 138382K, committed 138688K, reserved 1169408K
  class space    used 16904K, capacity 18399K, committed 18508K, reserved 1048576K
}
Event: 1694.047 GC heap after
{Heap after GC invocations=69 (full 0):
 garbage-first heap   total 260096K, used 212365K [0x0000000080000000, 0x0000000100000000)
  region size 1024K, 2 young (2048K), 2 survivors (2048K)
 Metaspace       used 134445K, capacity 138382K, committed 138688K, reserved 1169408K
  class space    used 16904K, capacity 18399K, committed 18508K, reserved 1048576K
}
Event: 1694.153 GC heap before
{Heap before GC invocations=69 (full 0):
 garbage-first heap   total 260096K, used 228749K [0x0000000080000000, 0x0000000100000000)
  region size 1024K, 18 young (18432K), 2 survivors (2048K)
 Metaspace       used 134447K, capacity 138382K, committed 138688K, reserved 1169408K
  class space    used 16904K, capacity 18399K, committed 18508K, reserved 1048576K
}
Event: 1694.156 GC heap after
{Heap after GC invocations=70 (full 0):
 garbage-first heap   total 260096K, used 211424K [0x0000000080000000, 0x0000000100000000)
  region size 1024K, 2 young (2048K), 2 survivors (2048K)
 Metaspace       used 134447K, capacity 138382K, committed 138688K, reserved 1169408K
  class space    used 16904K, capacity 18399K, committed 18508K, reserved 1048576K
}
Event: 1694.276 GC heap before
{Heap before GC invocations=70 (full 0):
 garbage-first heap   total 260096K, used 228832K [0x0000000080000000, 0x0000000100000000)
  region size 1024K, 19 young (19456K), 2 survivors (2048K)
 Metaspace       used 134456K, capacity 138448K, committed 138688K, reserved 1169408K
  class space    used 16904K, capacity 18399K, committed 18508K, reserved 1048576K
}

