# JRE version: OpenJDK Runtime Environment (11.0.13) (build 11.0.13+0-b1751.21-8125866)
# Java VM: OpenJDK 64-Bit Server VM (11.0.13+0-b1751.21-8125866, mixed mode, tiered, compressed oops, g1 gc, windows-amd64)
Heap:
 garbage-first heap   total 471040K, used 216336K [0x0000000080000000, 0x0000000100000000)
  region size 1024K, 3 young (3072K), 3 survivors (3072K)
 Metaspace       used 128310K, capacity 132028K, committed 132248K, reserved 1165312K
  class space    used 15864K, capacity 17296K, committed 17352K, reserved 1048576K
GC Heap History (20 events):
Event: 779.511 GC heap after
{Heap after GC invocations=86 (full 0):
 garbage-first heap   total 260096K, used 161572K [0x0000000080000000, 0x0000000100000000)
  region size 1024K, 8 young (8192K), 8 survivors (8192K)
 Metaspace       used 127912K, capacity 131609K, committed 131736K, reserved 1163264K
  class space    used 15839K, capacity 17225K, committed 17352K, reserved 1048576K
}
Event: 779.685 GC heap before
{Heap before GC invocations=87 (full 0):
 garbage-first heap   total 260096K, used 197412K [0x0000000080000000, 0x0000000100000000)
  region size 1024K, 43 young (44032K), 8 survivors (8192K)
 Metaspace       used 127989K, capacity 131679K, committed 131992K, reserved 1163264K
  class space    used 15840K, capacity 17226K, committed 17352K, reserved 1048576K
}
Event: 779.713 GC heap after
{Heap after GC invocations=88 (full 0):
 garbage-first heap   total 260096K, used 179200K [0x0000000080000000, 0x0000000100000000)
  region size 1024K, 6 young (6144K), 6 survivors (6144K)
 Metaspace       used 127989K, capacity 131679K, committed 131992K, reserved 1163264K
  class space    used 15840K, capacity 17226K, committed 17352K, reserved 1048576K
}
Event: 779.725 GC heap before
{Heap before GC invocations=88 (full 0):
 garbage-first heap   total 260096K, used 184320K [0x0000000080000000, 0x0000000100000000)
  region size 1024K, 12 young (12288K), 6 survivors (6144K)
 Metaspace       used 127993K, capacity 131680K, committed 131992K, reserved 1163264K
  class space    used 15840K, capacity 17226K, committed 17352K, reserved 1048576K
}
Event: 779.744 GC heap after
{Heap after GC invocations=89 (full 0):
 garbage-first heap   total 260096K, used 183296K [0x0000000080000000, 0x0000000100000000)
  region size 1024K, 2 young (2048K), 2 survivors (2048K)
 Metaspace       used 127993K, capacity 131680K, committed 131992K, reserved 1163264K
  class space    used 15840K, capacity 17226K, committed 17352K, reserved 1048576K
}
Event: 779.812 GC heap before
{Heap before GC invocations=89 (full 0):
 garbage-first heap   total 260096K, used 206848K [0x0000000080000000, 0x0000000100000000)
  region size 1024K, 25 young (25600K), 2 survivors (2048K)
 Metaspace       used 127995K, capacity 131680K, committed 131992K, reserved 1163264K
  class space    used 15840K, capacity 17226K, committed 17352K, reserved 1048576K
}
Event: 779.826 GC heap after
{Heap after GC invocations=90 (full 0):
 garbage-first heap   total 260096K, used 195515K [0x0000000080000000, 0x0000000100000000)
  region size 1024K, 4 young (4096K), 4 survivors (4096K)
 Metaspace       used 127995K, capacity 131680K, committed 131992K, reserved 1163264K
  class space    used 15840K, capacity 17226K, committed 17352K, reserved 1048576K
}
Event: 779.913 GC heap before
{Heap before GC invocations=90 (full 0):
 garbage-first heap   total 260096K, used 212923K [0x0000000080000000, 0x0000000100000000)
  region size 1024K, 21 young (21504K), 4 survivors (4096K)
 Metaspace       used 127995K, capacity 131680K, committed 131992K, reserved 1163264K
  class space    used 15840K, capacity 17226K, committed 17352K, reserved 1048576K
}
Event: 779.928 GC heap after
{Heap after GC invocations=91 (full 0):
 garbage-first heap   total 260096K, used 204800K [0x0000000080000000, 0x0000000100000000)
  region size 1024K, 3 young (3072K), 3 survivors (3072K)
 Metaspace       used 127995K, capacity 131680K, committed 131992K, reserved 1163264K
  class space    used 15840K, capacity 17226K, committed 17352K, reserved 1048576K
}
Event: 780.005 GC heap before
{Heap before GC invocations=91 (full 0):
 garbage-first heap   total 260096K, used 218112K [0x0000000080000000, 0x0000000100000000)
  region size 1024K, 16 young (16384K), 3 survivors (3072K)
 Metaspace       used 128021K, capacity 131744K, committed 131992K, reserved 1163264K
  class space    used 15840K, capacity 17226K, committed 17352K, reserved 1048576K
}
Event: 780.017 GC heap after
{Heap after GC invocations=92 (full 0):
 garbage-first heap   total 260096K, used 211968K [0x0000000080000000, 0x0000000100000000)
  region size 1024K, 2 young (2048K), 2 survivors (2048K)
 Metaspace       used 128021K, capacity 131744K, committed 131992K, reserved 1163264K
  class space    used 15840K, capacity 17226K, committed 17352K, reserved 1048576K
}
Event: 780.203 GC heap before
{Heap before GC invocations=92 (full 0):
 garbage-first heap   total 260096K, used 221184K [0x0000000080000000, 0x0000000100000000)
  region size 1024K, 12 young (12288K), 2 survivors (2048K)
 Metaspace       used 128057K, capacity 131752K, committed 131992K, reserved 1163264K
  class space    used 15841K, capacity 17228K, committed 17352K, reserved 1048576K
}
Event: 780.211 GC heap after
{Heap after GC invocations=93 (full 0):
 garbage-first heap   total 359424K, used 214810K [0x0000000080000000, 0x0000000100000000)
  region size 1024K, 2 young (2048K), 2 survivors (2048K)
 Metaspace       used 128057K, capacity 131752K, committed 131992K, reserved 1163264K
  class space    used 15841K, capacity 17228K, committed 17352K, reserved 1048576K
}
Event: 780.610 GC heap before
{Heap before GC invocations=94 (full 0):
 garbage-first heap   total 359424K, used 258842K [0x0000000080000000, 0x0000000100000000)
  region size 1024K, 45 young (46080K), 2 survivors (2048K)
 Metaspace       used 128174K, capacity 131869K, committed 131992K, reserved 1163264K
  class space    used 15856K, capacity 17287K, committed 17352K, reserved 1048576K
}
Event: 780.619 GC heap after
{Heap after GC invocations=95 (full 0):
 garbage-first heap   total 359424K, used 218762K [0x0000000080000000, 0x0000000100000000)
  region size 1024K, 6 young (6144K), 6 survivors (6144K)
 Metaspace       used 128174K, capacity 131869K, committed 131992K, reserved 1163264K
  class space    used 15856K, capacity 17287K, committed 17352K, reserved 1048576K
}
Event: 780.698 GC heap before
{Heap before GC invocations=95 (full 0):
 garbage-first heap   total 359424K, used 231050K [0x0000000080000000, 0x0000000100000000)
  region size 1024K, 20 young (20480K), 6 survivors (6144K)
 Metaspace       used 128191K, capacity 131933K, committed 132248K, reserved 1165312K
  class space    used 15856K, capacity 17287K, committed 17352K, reserved 1048576K
}
Event: 780.706 GC heap after
{Heap after GC invocations=96 (full 0):
 garbage-first heap   total 359424K, used 220389K [0x0000000080000000, 0x0000000100000000)
  region size 1024K, 2 young (2048K), 2 survivors (2048K)
 Metaspace       used 128191K, capacity 131933K, committed 132248K, reserved 1165312K
  class space    used 15856K, capacity 17287K, committed 17352K, reserved 1048576K
}
Event: 781.265 GC heap before
{Heap before GC invocations=97 (full 0):
 garbage-first heap   total 359424K, used 263397K [0x0000000080000000, 0x0000000100000000)
  region size 1024K, 46 young (47104K), 2 survivors (2048K)
 Metaspace       used 128203K, capacity 131933K, committed 132248K, reserved 1165312K
  class space    used 15856K, capacity 17287K, committed 17352K, reserved 1048576K
}
Event: 781.280 GC heap after
{Heap after GC invocations=98 (full 0):
 garbage-first heap   total 359424K, used 221088K [0x0000000080000000, 0x0000000100000000)
  region size 1024K, 4 young (4096K), 4 survivors (4096K)
 Metaspace       used 128203K, capacity 131933K, committed 132248K, reserved 1165312K
  class space    used 15856K, capacity 17287K, committed 17352K, reserved 1048576K
}
Event: 781.611 GC heap before
{Heap before GC invocations=98 (full 0):
 garbage-first heap   total 359424K, used 237472K [0x0000000080000000, 0x0000000100000000)
  region size 1024K, 17 young (17408K), 4 survivors (4096K)
 Metaspace       used 128310K, capacity 132028K, committed 132248K, reserved 1165312K
  class space    used 15864K, capacity 17296K, committed 17352K, reserved 1048576K
}

