# JRE version: OpenJDK Runtime Environment (11.0.13) (build 11.0.13+0-b1751.21-8125866)
# Java VM: OpenJDK 64-Bit Server VM (11.0.13+0-b1751.21-8125866, mixed mode, tiered, compressed oops, g1 gc, windows-amd64)
Heap:
 garbage-first heap   total 314368K, used 130186K [0x0000000080000000, 0x0000000100000000)
  region size 1024K, 8 young (8192K), 7 survivors (7168K)
 Metaspace       used 128954K, capacity 132575K, committed 132820K, reserved 1165312K
  class space    used 15893K, capacity 17280K, committed 17280K, reserved 1048576K
GC Heap History (20 events):
Event: 874.343 GC heap before
{Heap before GC invocations=55 (full 0):
 garbage-first heap   total 260096K, used 215002K [0x0000000080000000, 0x0000000100000000)
  region size 1024K, 79 young (80896K), 1 survivors (1024K)
 Metaspace       used 127524K, capacity 130967K, committed 131156K, reserved 1163264K
  class space    used 15805K, capacity 17134K, committed 17152K, reserved 1048576K
}
Event: 874.348 GC heap after
{Heap after GC invocations=56 (full 0):
 garbage-first heap   total 260096K, used 136835K [0x0000000080000000, 0x0000000100000000)
  region size 1024K, 2 young (2048K), 2 survivors (2048K)
 Metaspace       used 127524K, capacity 130967K, committed 131156K, reserved 1163264K
  class space    used 15805K, capacity 17134K, committed 17152K, reserved 1048576K
}
Event: 874.704 GC heap before
{Heap before GC invocations=57 (full 0):
 garbage-first heap   total 260096K, used 216707K [0x0000000080000000, 0x0000000100000000)
  region size 1024K, 81 young (82944K), 2 survivors (2048K)
 Metaspace       used 127525K, capacity 130967K, committed 131156K, reserved 1163264K
  class space    used 15805K, capacity 17134K, committed 17152K, reserved 1048576K
}
Event: 874.710 GC heap after
{Heap after GC invocations=58 (full 0):
 garbage-first heap   total 260096K, used 137447K [0x0000000080000000, 0x0000000100000000)
  region size 1024K, 4 young (4096K), 4 survivors (4096K)
 Metaspace       used 127525K, capacity 130967K, committed 131156K, reserved 1163264K
  class space    used 15805K, capacity 17134K, committed 17152K, reserved 1048576K
}
Event: 874.731 GC heap before
{Heap before GC invocations=58 (full 0):
 garbage-first heap   total 260096K, used 145639K [0x0000000080000000, 0x0000000100000000)
  region size 1024K, 12 young (12288K), 4 survivors (4096K)
 Metaspace       used 127526K, capacity 130967K, committed 131156K, reserved 1163264K
  class space    used 15805K, capacity 17134K, committed 17152K, reserved 1048576K
}
Event: 874.743 GC heap after
{Heap after GC invocations=59 (full 0):
 garbage-first heap   total 260096K, used 129553K [0x0000000080000000, 0x0000000100000000)
  region size 1024K, 1 young (1024K), 1 survivors (1024K)
 Metaspace       used 127526K, capacity 130967K, committed 131156K, reserved 1163264K
  class space    used 15805K, capacity 17134K, committed 17152K, reserved 1048576K
}
Event: 875.280 GC heap before
{Heap before GC invocations=59 (full 0):
 garbage-first heap   total 260096K, used 213521K [0x0000000080000000, 0x0000000100000000)
  region size 1024K, 84 young (86016K), 1 survivors (1024K)
 Metaspace       used 127617K, capacity 131054K, committed 131156K, reserved 1163264K
  class space    used 15805K, capacity 17134K, committed 17152K, reserved 1048576K
}
Event: 875.288 GC heap after
{Heap after GC invocations=60 (full 0):
 garbage-first heap   total 314368K, used 133308K [0x0000000080000000, 0x0000000100000000)
  region size 1024K, 5 young (5120K), 5 survivors (5120K)
 Metaspace       used 127617K, capacity 131054K, committed 131156K, reserved 1163264K
  class space    used 15805K, capacity 17134K, committed 17152K, reserved 1048576K
}
Event: 933.619 GC heap before
{Heap before GC invocations=61 (full 0):
 garbage-first heap   total 314368K, used 261308K [0x0000000080000000, 0x0000000100000000)
  region size 1024K, 111 young (113664K), 5 survivors (5120K)
 Metaspace       used 127788K, capacity 131199K, committed 131412K, reserved 1163264K
  class space    used 15813K, capacity 17135K, committed 17152K, reserved 1048576K
}
Event: 933.624 GC heap after
{Heap after GC invocations=62 (full 0):
 garbage-first heap   total 314368K, used 130217K [0x0000000080000000, 0x0000000100000000)
  region size 1024K, 2 young (2048K), 2 survivors (2048K)
 Metaspace       used 127788K, capacity 131199K, committed 131412K, reserved 1163264K
  class space    used 15813K, capacity 17135K, committed 17152K, reserved 1048576K
}
Event: 933.816 GC heap before
{Heap before GC invocations=62 (full 0):
 garbage-first heap   total 314368K, used 143529K [0x0000000080000000, 0x0000000100000000)
  region size 1024K, 15 young (15360K), 2 survivors (2048K)
 Metaspace       used 127913K, capacity 131436K, committed 131796K, reserved 1163264K
  class space    used 15827K, capacity 17161K, committed 17280K, reserved 1048576K
}
Event: 933.821 GC heap after
{Heap after GC invocations=63 (full 0):
 garbage-first heap   total 314368K, used 129446K [0x0000000080000000, 0x0000000100000000)
  region size 1024K, 2 young (2048K), 2 survivors (2048K)
 Metaspace       used 127913K, capacity 131436K, committed 131796K, reserved 1163264K
  class space    used 15827K, capacity 17161K, committed 17280K, reserved 1048576K
}
Event: 937.762 GC heap before
{Heap before GC invocations=63 (full 0):
 garbage-first heap   total 314368K, used 243110K [0x0000000080000000, 0x0000000100000000)
  region size 1024K, 114 young (116736K), 2 survivors (2048K)
 Metaspace       used 128376K, capacity 131850K, committed 132052K, reserved 1165312K
  class space    used 15848K, capacity 17198K, committed 17280K, reserved 1048576K
}
Event: 937.777 GC heap after
{Heap after GC invocations=64 (full 0):
 garbage-first heap   total 314368K, used 139259K [0x0000000080000000, 0x0000000100000000)
  region size 1024K, 12 young (12288K), 12 survivors (12288K)
 Metaspace       used 128376K, capacity 131850K, committed 132052K, reserved 1165312K
  class space    used 15848K, capacity 17198K, committed 17280K, reserved 1048576K
}
Event: 988.181 GC heap before
{Heap before GC invocations=65 (full 0):
 garbage-first heap   total 314368K, used 267259K [0x0000000080000000, 0x0000000100000000)
  region size 1024K, 119 young (121856K), 12 survivors (12288K)
 Metaspace       used 128871K, capacity 132446K, committed 132564K, reserved 1165312K
  class space    used 15884K, capacity 17263K, committed 17280K, reserved 1048576K
}
Event: 988.194 GC heap after
{Heap after GC invocations=66 (full 0):
 garbage-first heap   total 314368K, used 137559K [0x0000000080000000, 0x0000000100000000)
  region size 1024K, 9 young (9216K), 9 survivors (9216K)
 Metaspace       used 128871K, capacity 132446K, committed 132564K, reserved 1165312K
  class space    used 15884K, capacity 17263K, committed 17280K, reserved 1048576K
}
Event: 990.401 GC heap before
{Heap before GC invocations=66 (full 0):
 garbage-first heap   total 314368K, used 143703K [0x0000000080000000, 0x0000000100000000)
  region size 1024K, 15 young (15360K), 9 survivors (9216K)
 Metaspace       used 128886K, capacity 132464K, committed 132564K, reserved 1165312K
  class space    used 15887K, capacity 17269K, committed 17280K, reserved 1048576K
}
Event: 990.412 GC heap after
{Heap after GC invocations=67 (full 0):
 garbage-first heap   total 314368K, used 123742K [0x0000000080000000, 0x0000000100000000)
  region size 1024K, 2 young (2048K), 2 survivors (2048K)
 Metaspace       used 128886K, capacity 132464K, committed 132564K, reserved 1165312K
  class space    used 15887K, capacity 17269K, committed 17280K, reserved 1048576K
}
Event: 990.887 GC heap before
{Heap before GC invocations=67 (full 0):
 garbage-first heap   total 314368K, used 191326K [0x0000000080000000, 0x0000000100000000)
  region size 1024K, 70 young (71680K), 2 survivors (2048K)
 Metaspace       used 128954K, capacity 132575K, committed 132820K, reserved 1165312K
  class space    used 15893K, capacity 17280K, committed 17280K, reserved 1048576K
}
Event: 990.903 GC heap after
{Heap after GC invocations=68 (full 0):
 garbage-first heap   total 314368K, used 129162K [0x0000000080000000, 0x0000000100000000)
  region size 1024K, 7 young (7168K), 7 survivors (7168K)
 Metaspace       used 128954K, capacity 132575K, committed 132820K, reserved 1165312K
  class space    used 15893K, capacity 17280K, committed 17280K, reserved 1048576K
}

